<?xml version="1.0" encoding="UTF-8"?>
<coverage generated="1511837327545" clover="3.2.0">
  <project timestamp="1511837327545" name="All files">
    <metrics statements="124" coveredstatements="116" conditionals="57" coveredconditionals="49" methods="22" coveredmethods="21" elements="203" coveredelements="186" complexity="0" loc="124" ncloc="124" packages="1" files="1" classes="1">
      <file name="index.js" path="/Users/arkajit/Graph/lib/index.js">
        <metrics statements="124" coveredstatements="116" conditionals="57" coveredconditionals="49" methods="22" coveredmethods="21"/>
        <line num="3" count="35" type="stmt"/>
        <line num="4" count="35" type="stmt"/>
        <line num="5" count="35" type="stmt"/>
        <line num="10" count="23" type="stmt"/>
        <line num="14" count="43" type="stmt"/>
        <line num="15" count="43" type="stmt"/>
        <line num="16" count="43" type="stmt"/>
        <line num="22" count="28" type="stmt"/>
        <line num="23" count="28" type="stmt"/>
        <line num="24" count="28" type="stmt"/>
        <line num="25" count="28" type="stmt"/>
        <line num="28" count="2" type="stmt"/>
        <line num="31" count="4" type="stmt"/>
        <line num="32" count="4" type="stmt"/>
        <line num="35" count="40" type="stmt"/>
        <line num="36" count="40" type="stmt"/>
        <line num="37" count="40" type="stmt"/>
        <line num="38" count="40" type="stmt"/>
        <line num="39" count="71" type="cond" truecount="2" falsecount="0"/>
        <line num="40" count="25" type="stmt"/>
        <line num="42" count="71" type="cond" truecount="2" falsecount="0"/>
        <line num="43" count="26" type="stmt"/>
        <line num="46" count="40" type="stmt"/>
        <line num="49" count="4" type="stmt"/>
        <line num="50" count="4" type="stmt"/>
        <line num="53" count="28" type="stmt"/>
        <line num="54" count="39" type="cond" truecount="4" falsecount="0"/>
        <line num="55" count="17" type="stmt"/>
        <line num="57" count="22" type="cond" truecount="4" falsecount="0"/>
        <line num="58" count="11" type="stmt"/>
        <line num="63" count="77" type="stmt"/>
        <line num="64" count="185" type="cond" truecount="2" falsecount="0"/>
        <line num="65" count="77" type="stmt"/>
        <line num="70" count="10" type="cond" truecount="2" falsecount="0"/>
        <line num="71" count="6" type="stmt"/>
        <line num="72" count="6" type="cond" truecount="2" falsecount="0"/>
        <line num="76" count="1" type="stmt"/>
        <line num="80" count="9" type="stmt"/>
        <line num="83" count="139" type="stmt"/>
        <line num="84" count="139" type="stmt"/>
        <line num="85" count="190" type="cond" truecount="2" falsecount="0"/>
        <line num="86" count="50" type="stmt"/>
        <line num="89" count="89" type="stmt"/>
        <line num="92" count="10" type="cond" truecount="1" falsecount="1"/>
        <line num="93" count="10" type="stmt"/>
        <line num="97" count="10" type="cond" truecount="2" falsecount="0"/>
        <line num="98" count="9" type="stmt"/>
        <line num="102" count="9" type="stmt"/>
        <line num="103" count="9" type="stmt"/>
        <line num="104" count="9" type="stmt"/>
        <line num="105" count="9" type="stmt"/>
        <line num="108" count="5" type="stmt"/>
        <line num="109" count="5" type="stmt"/>
        <line num="110" count="5" type="stmt"/>
        <line num="111" count="5" type="stmt"/>
        <line num="112" count="15" type="cond" truecount="2" falsecount="0"/>
        <line num="113" count="2" type="stmt"/>
        <line num="116" count="3" type="stmt"/>
        <line num="119" count="9" type="stmt"/>
        <line num="120" count="9" type="stmt"/>
        <line num="121" count="16" type="stmt"/>
        <line num="123" count="9" type="stmt"/>
        <line num="124" count="9" type="stmt"/>
        <line num="125" count="27" type="stmt"/>
        <line num="127" count="9" type="stmt"/>
        <line num="132" count="39" type="stmt"/>
        <line num="133" count="39" type="stmt"/>
        <line num="134" count="39" type="stmt"/>
        <line num="135" count="39" type="stmt"/>
        <line num="136" count="50" type="cond" truecount="2" falsecount="0"/>
        <line num="137" count="26" type="stmt"/>
        <line num="138" count="26" type="stmt"/>
        <line num="145" count="39" type="stmt"/>
        <line num="146" count="39" type="stmt"/>
        <line num="147" count="50" type="cond" truecount="4" falsecount="0"/>
        <line num="148" count="24" type="stmt"/>
        <line num="150" count="50" type="cond" truecount="2" falsecount="0"/>
        <line num="151" count="26" type="cond" truecount="1" falsecount="1"/>
        <line num="155" count="0" type="stmt"/>
        <line num="159" count="39" type="cond" truecount="2" falsecount="0"/>
        <line num="160" count="24" type="cond" truecount="1" falsecount="1"/>
        <line num="161" count="24" type="stmt"/>
        <line num="164" count="39" type="stmt"/>
        <line num="168" count="3" type="stmt"/>
        <line num="169" count="3" type="stmt"/>
        <line num="170" count="3" type="stmt"/>
        <line num="174" count="1" type="stmt"/>
        <line num="176" count="1" type="stmt"/>
        <line num="177" count="1" type="stmt"/>
        <line num="178" count="1" type="stmt"/>
        <line num="179" count="1" type="stmt"/>
        <line num="180" count="1" type="cond" truecount="1" falsecount="1"/>
        <line num="181" count="0" type="stmt"/>
        <line num="182" count="0" type="stmt"/>
        <line num="184" count="1" type="stmt"/>
        <line num="185" count="1" type="stmt"/>
        <line num="186" count="1" type="stmt"/>
        <line num="187" count="0" type="stmt"/>
        <line num="189" count="1" type="stmt"/>
        <line num="190" count="1" type="stmt"/>
        <line num="191" count="1" type="cond" truecount="1" falsecount="1"/>
        <line num="192" count="1" type="stmt"/>
        <line num="193" count="1" type="stmt"/>
        <line num="196" count="1" type="stmt"/>
        <line num="199" count="0" type="stmt"/>
        <line num="200" count="0" type="cond" truecount="0" falsecount="2"/>
        <line num="201" count="0" type="stmt"/>
        <line num="203" count="0" type="stmt"/>
        <line num="207" count="3" type="stmt"/>
        <line num="208" count="3" type="stmt"/>
        <line num="209" count="9" type="stmt"/>
        <line num="212" count="3" type="stmt"/>
        <line num="213" count="6" type="stmt"/>
        <line num="214" count="6" type="stmt"/>
        <line num="217" count="6" type="stmt"/>
        <line num="218" count="18" type="cond" truecount="2" falsecount="0"/>
        <line num="219" count="6" type="stmt"/>
        <line num="221" count="18" type="cond" truecount="2" falsecount="0"/>
        <line num="222" count="6" type="stmt"/>
        <line num="225" count="6" type="stmt"/>
        <line num="227" count="3" type="stmt"/>
        <line num="228" count="3" type="stmt"/>
        <line num="229" count="3" type="stmt"/>
        <line num="232" count="1" type="stmt"/>
      </file>
    </metrics>
  </project>
</coverage>
