{"/Users/arkajit/Graph/lib/index.js": {"path":"/Users/arkajit/Graph/lib/index.js","statementMap":{"0":{"start":{"line":3,"column":4},"end":{"line":3,"column":15}},"1":{"start":{"line":4,"column":4},"end":{"line":4,"column":15}},"2":{"start":{"line":5,"column":4},"end":{"line":5,"column":26}},"3":{"start":{"line":10,"column":4},"end":{"line":10,"column":24}},"4":{"start":{"line":14,"column":13},"end":{"line":14,"column":59}},"5":{"start":{"line":15,"column":13},"end":{"line":15,"column":59}},"6":{"start":{"line":16,"column":4},"end":{"line":16,"column":34}},"7":{"start":{"line":22,"column":4},"end":{"line":22,"column":23}},"8":{"start":{"line":23,"column":4},"end":{"line":23,"column":23}},"9":{"start":{"line":24,"column":4},"end":{"line":24,"column":15}},"10":{"start":{"line":25,"column":4},"end":{"line":25,"column":19}},"11":{"start":{"line":28,"column":4},"end":{"line":28,"column":28}},"12":{"start":{"line":31,"column":4},"end":{"line":31,"column":28}},"13":{"start":{"line":32,"column":4},"end":{"line":32,"column":16}},"14":{"start":{"line":35,"column":14},"end":{"line":35,"column":16}},"15":{"start":{"line":36,"column":16},"end":{"line":36,"column":26}},"16":{"start":{"line":37,"column":15},"end":{"line":37,"column":28}},"17":{"start":{"line":38,"column":4},"end":{"line":45,"column":5}},"18":{"start":{"line":39,"column":6},"end":{"line":41,"column":7}},"19":{"start":{"line":40,"column":8},"end":{"line":40,"column":36}},"20":{"start":{"line":42,"column":6},"end":{"line":44,"column":7}},"21":{"start":{"line":43,"column":8},"end":{"line":43,"column":36}},"22":{"start":{"line":46,"column":4},"end":{"line":46,"column":15}},"23":{"start":{"line":49,"column":4},"end":{"line":49,"column":15}},"24":{"start":{"line":50,"column":4},"end":{"line":50,"column":16}},"25":{"start":{"line":53,"column":4},"end":{"line":60,"column":5}},"26":{"start":{"line":54,"column":6},"end":{"line":56,"column":7}},"27":{"start":{"line":55,"column":8},"end":{"line":55,"column":29}},"28":{"start":{"line":57,"column":6},"end":{"line":59,"column":7}},"29":{"start":{"line":58,"column":8},"end":{"line":58,"column":29}},"30":{"start":{"line":63,"column":4},"end":{"line":67,"column":5}},"31":{"start":{"line":64,"column":6},"end":{"line":66,"column":7}},"32":{"start":{"line":65,"column":8},"end":{"line":65,"column":17}},"33":{"start":{"line":70,"column":4},"end":{"line":79,"column":5}},"34":{"start":{"line":71,"column":6},"end":{"line":78,"column":7}},"35":{"start":{"line":72,"column":8},"end":{"line":77,"column":9}},"36":{"start":{"line":76,"column":10},"end":{"line":76,"column":22}},"37":{"start":{"line":80,"column":4},"end":{"line":80,"column":17}},"38":{"start":{"line":83,"column":13},"end":{"line":83,"column":20}},"39":{"start":{"line":84,"column":4},"end":{"line":88,"column":5}},"40":{"start":{"line":85,"column":6},"end":{"line":87,"column":7}},"41":{"start":{"line":86,"column":8},"end":{"line":86,"column":20}},"42":{"start":{"line":89,"column":4},"end":{"line":89,"column":17}},"43":{"start":{"line":92,"column":4},"end":{"line":94,"column":5}},"44":{"start":{"line":93,"column":6},"end":{"line":93,"column":28}},"45":{"start":{"line":97,"column":4},"end":{"line":99,"column":5}},"46":{"start":{"line":98,"column":6},"end":{"line":98,"column":28}},"47":{"start":{"line":102,"column":19},"end":{"line":102,"column":58}},"48":{"start":{"line":103,"column":4},"end":{"line":103,"column":20}},"49":{"start":{"line":104,"column":4},"end":{"line":104,"column":76}},"50":{"start":{"line":105,"column":4},"end":{"line":105,"column":20}},"51":{"start":{"line":108,"column":19},"end":{"line":108,"column":58}},"52":{"start":{"line":109,"column":4},"end":{"line":109,"column":20}},"53":{"start":{"line":110,"column":4},"end":{"line":110,"column":76}},"54":{"start":{"line":111,"column":4},"end":{"line":115,"column":5}},"55":{"start":{"line":112,"column":6},"end":{"line":114,"column":7}},"56":{"start":{"line":113,"column":8},"end":{"line":113,"column":21}},"57":{"start":{"line":116,"column":4},"end":{"line":116,"column":16}},"58":{"start":{"line":119,"column":12},"end":{"line":119,"column":13}},"59":{"start":{"line":120,"column":4},"end":{"line":122,"column":5}},"60":{"start":{"line":121,"column":6},"end":{"line":121,"column":45}},"61":{"start":{"line":123,"column":15},"end":{"line":123,"column":29}},"62":{"start":{"line":124,"column":4},"end":{"line":126,"column":5}},"63":{"start":{"line":125,"column":6},"end":{"line":125,"column":19}},"64":{"start":{"line":127,"column":4},"end":{"line":127,"column":13}},"65":{"start":{"line":132,"column":2},"end":{"line":132,"column":35}},"66":{"start":{"line":133,"column":13},"end":{"line":133,"column":28}},"67":{"start":{"line":134,"column":12},"end":{"line":134,"column":31}},"68":{"start":{"line":135,"column":2},"end":{"line":143,"column":3}},"69":{"start":{"line":136,"column":4},"end":{"line":142,"column":5}},"70":{"start":{"line":137,"column":21},"end":{"line":137,"column":62}},"71":{"start":{"line":138,"column":6},"end":{"line":141,"column":8}},"72":{"start":{"line":145,"column":17},"end":{"line":145,"column":22}},"73":{"start":{"line":146,"column":2},"end":{"line":158,"column":3}},"74":{"start":{"line":147,"column":4},"end":{"line":149,"column":5}},"75":{"start":{"line":148,"column":6},"end":{"line":148,"column":40}},"76":{"start":{"line":150,"column":4},"end":{"line":157,"column":5}},"77":{"start":{"line":151,"column":6},"end":{"line":156,"column":7}},"78":{"start":{"line":155,"column":8},"end":{"line":155,"column":21}},"79":{"start":{"line":159,"column":2},"end":{"line":163,"column":3}},"80":{"start":{"line":160,"column":4},"end":{"line":162,"column":5}},"81":{"start":{"line":161,"column":6},"end":{"line":161,"column":51}},"82":{"start":{"line":164,"column":2},"end":{"line":164,"column":18}},"83":{"start":{"line":168,"column":15},"end":{"line":168,"column":29}},"84":{"start":{"line":169,"column":15},"end":{"line":169,"column":29}},"85":{"start":{"line":170,"column":2},"end":{"line":170,"column":56}},"86":{"start":{"line":174,"column":18},"end":{"line":174,"column":22}},"87":{"start":{"line":176,"column":2},"end":{"line":195,"column":3}},"88":{"start":{"line":177,"column":4},"end":{"line":177,"column":28}},"89":{"start":{"line":178,"column":22},"end":{"line":178,"column":71}},"90":{"start":{"line":179,"column":4},"end":{"line":179,"column":37}},"91":{"start":{"line":180,"column":4},"end":{"line":183,"column":5}},"92":{"start":{"line":181,"column":6},"end":{"line":181,"column":24}},"93":{"start":{"line":182,"column":6},"end":{"line":182,"column":12}},"94":{"start":{"line":184,"column":22},"end":{"line":184,"column":71}},"95":{"start":{"line":185,"column":22},"end":{"line":185,"column":71}},"96":{"start":{"line":186,"column":4},"end":{"line":188,"column":5}},"97":{"start":{"line":187,"column":6},"end":{"line":187,"column":70}},"98":{"start":{"line":189,"column":18},"end":{"line":189,"column":84}},"99":{"start":{"line":190,"column":4},"end":{"line":190,"column":30}},"100":{"start":{"line":191,"column":4},"end":{"line":194,"column":5}},"101":{"start":{"line":192,"column":6},"end":{"line":192,"column":24}},"102":{"start":{"line":193,"column":6},"end":{"line":193,"column":12}},"103":{"start":{"line":196,"column":2},"end":{"line":196,"column":18}},"104":{"start":{"line":199,"column":11},"end":{"line":199,"column":24}},"105":{"start":{"line":200,"column":2},"end":{"line":202,"column":3}},"106":{"start":{"line":201,"column":4},"end":{"line":201,"column":16}},"107":{"start":{"line":203,"column":2},"end":{"line":203,"column":15}},"108":{"start":{"line":207,"column":13},"end":{"line":207,"column":24}},"109":{"start":{"line":208,"column":2},"end":{"line":210,"column":3}},"110":{"start":{"line":209,"column":4},"end":{"line":209,"column":55}},"111":{"start":{"line":212,"column":2},"end":{"line":226,"column":3}},"112":{"start":{"line":213,"column":15},"end":{"line":213,"column":37}},"113":{"start":{"line":214,"column":15},"end":{"line":214,"column":37}},"114":{"start":{"line":217,"column":4},"end":{"line":224,"column":5}},"115":{"start":{"line":218,"column":6},"end":{"line":220,"column":7}},"116":{"start":{"line":219,"column":8},"end":{"line":219,"column":17}},"117":{"start":{"line":221,"column":6},"end":{"line":223,"column":7}},"118":{"start":{"line":222,"column":8},"end":{"line":222,"column":17}},"119":{"start":{"line":225,"column":4},"end":{"line":225,"column":63}},"120":{"start":{"line":227,"column":13},"end":{"line":227,"column":16}},"121":{"start":{"line":228,"column":2},"end":{"line":228,"column":18}},"122":{"start":{"line":229,"column":2},"end":{"line":229,"column":14}},"123":{"start":{"line":232,"column":0},"end":{"line":241,"column":2}}},"fnMap":{"0":{"name":"(anonymous_0)","decl":{"start":{"line":2,"column":2},"end":{"line":2,"column":3}},"loc":{"start":{"line":2,"column":20},"end":{"line":6,"column":3}},"line":2},"1":{"name":"(anonymous_1)","decl":{"start":{"line":9,"column":2},"end":{"line":9,"column":3}},"loc":{"start":{"line":9,"column":20},"end":{"line":11,"column":3}},"line":9},"2":{"name":"(anonymous_2)","decl":{"start":{"line":13,"column":2},"end":{"line":13,"column":3}},"loc":{"start":{"line":13,"column":13},"end":{"line":17,"column":3}},"line":13},"3":{"name":"(anonymous_3)","decl":{"start":{"line":21,"column":2},"end":{"line":21,"column":3}},"loc":{"start":{"line":21,"column":47},"end":{"line":26,"column":3}},"line":21},"4":{"name":"(anonymous_4)","decl":{"start":{"line":27,"column":2},"end":{"line":27,"column":3}},"loc":{"start":{"line":27,"column":16},"end":{"line":29,"column":3}},"line":27},"5":{"name":"(anonymous_5)","decl":{"start":{"line":30,"column":2},"end":{"line":30,"column":3}},"loc":{"start":{"line":30,"column":16},"end":{"line":33,"column":3}},"line":30},"6":{"name":"(anonymous_6)","decl":{"start":{"line":34,"column":2},"end":{"line":34,"column":3}},"loc":{"start":{"line":34,"column":12},"end":{"line":47,"column":3}},"line":34},"7":{"name":"(anonymous_7)","decl":{"start":{"line":48,"column":2},"end":{"line":48,"column":3}},"loc":{"start":{"line":48,"column":10},"end":{"line":51,"column":3}},"line":48},"8":{"name":"(anonymous_8)","decl":{"start":{"line":52,"column":2},"end":{"line":52,"column":3}},"loc":{"start":{"line":52,"column":16},"end":{"line":61,"column":3}},"line":52},"9":{"name":"(anonymous_9)","decl":{"start":{"line":62,"column":2},"end":{"line":62,"column":3}},"loc":{"start":{"line":62,"column":15},"end":{"line":68,"column":3}},"line":62},"10":{"name":"(anonymous_10)","decl":{"start":{"line":69,"column":2},"end":{"line":69,"column":3}},"loc":{"start":{"line":69,"column":25},"end":{"line":81,"column":3}},"line":69},"11":{"name":"(anonymous_11)","decl":{"start":{"line":82,"column":2},"end":{"line":82,"column":3}},"loc":{"start":{"line":82,"column":25},"end":{"line":90,"column":3}},"line":82},"12":{"name":"(anonymous_12)","decl":{"start":{"line":91,"column":2},"end":{"line":91,"column":3}},"loc":{"start":{"line":91,"column":16},"end":{"line":95,"column":3}},"line":91},"13":{"name":"(anonymous_13)","decl":{"start":{"line":96,"column":2},"end":{"line":96,"column":3}},"loc":{"start":{"line":96,"column":16},"end":{"line":100,"column":3}},"line":96},"14":{"name":"(anonymous_14)","decl":{"start":{"line":101,"column":2},"end":{"line":101,"column":3}},"loc":{"start":{"line":101,"column":12},"end":{"line":106,"column":3}},"line":101},"15":{"name":"(anonymous_15)","decl":{"start":{"line":107,"column":2},"end":{"line":107,"column":3}},"loc":{"start":{"line":107,"column":16},"end":{"line":117,"column":3}},"line":107},"16":{"name":"(anonymous_16)","decl":{"start":{"line":118,"column":2},"end":{"line":118,"column":3}},"loc":{"start":{"line":118,"column":14},"end":{"line":128,"column":3}},"line":118},"17":{"name":"djikstra","decl":{"start":{"line":131,"column":9},"end":{"line":131,"column":17}},"loc":{"start":{"line":131,"column":51},"end":{"line":165,"column":1}},"line":131},"18":{"name":"getProbability","decl":{"start":{"line":167,"column":9},"end":{"line":167,"column":23}},"loc":{"start":{"line":167,"column":35},"end":{"line":171,"column":1}},"line":167},"19":{"name":"proposeGraph","decl":{"start":{"line":173,"column":9},"end":{"line":173,"column":21}},"loc":{"start":{"line":173,"column":25},"end":{"line":197,"column":1}},"line":173},"20":{"name":"monteCarlo","decl":{"start":{"line":198,"column":9},"end":{"line":198,"column":19}},"loc":{"start":{"line":198,"column":26},"end":{"line":204,"column":1}},"line":198},"21":{"name":"copyGraph","decl":{"start":{"line":206,"column":9},"end":{"line":206,"column":18}},"loc":{"start":{"line":206,"column":22},"end":{"line":230,"column":1}},"line":206}},"branchMap":{"0":{"loc":{"start":{"line":21,"column":14},"end":{"line":21,"column":24}},"type":"default-arg","locations":[{"start":{"line":21,"column":22},"end":{"line":21,"column":24}}],"line":21},"1":{"loc":{"start":{"line":21,"column":26},"end":{"line":21,"column":36}},"type":"default-arg","locations":[{"start":{"line":21,"column":34},"end":{"line":21,"column":36}}],"line":21},"2":{"loc":{"start":{"line":21,"column":38},"end":{"line":21,"column":45}},"type":"default-arg","locations":[{"start":{"line":21,"column":42},"end":{"line":21,"column":45}}],"line":21},"3":{"loc":{"start":{"line":39,"column":6},"end":{"line":41,"column":7}},"type":"if","locations":[{"start":{"line":39,"column":6},"end":{"line":41,"column":7}},{"start":{"line":39,"column":6},"end":{"line":41,"column":7}}],"line":39},"4":{"loc":{"start":{"line":42,"column":6},"end":{"line":44,"column":7}},"type":"if","locations":[{"start":{"line":42,"column":6},"end":{"line":44,"column":7}},{"start":{"line":42,"column":6},"end":{"line":44,"column":7}}],"line":42},"5":{"loc":{"start":{"line":54,"column":6},"end":{"line":56,"column":7}},"type":"if","locations":[{"start":{"line":54,"column":6},"end":{"line":56,"column":7}},{"start":{"line":54,"column":6},"end":{"line":56,"column":7}}],"line":54},"6":{"loc":{"start":{"line":54,"column":10},"end":{"line":54,"column":82}},"type":"binary-expr","locations":[{"start":{"line":54,"column":10},"end":{"line":54,"column":44}},{"start":{"line":54,"column":48},"end":{"line":54,"column":82}}],"line":54},"7":{"loc":{"start":{"line":57,"column":6},"end":{"line":59,"column":7}},"type":"if","locations":[{"start":{"line":57,"column":6},"end":{"line":59,"column":7}},{"start":{"line":57,"column":6},"end":{"line":59,"column":7}}],"line":57},"8":{"loc":{"start":{"line":57,"column":10},"end":{"line":57,"column":82}},"type":"binary-expr","locations":[{"start":{"line":57,"column":10},"end":{"line":57,"column":44}},{"start":{"line":57,"column":48},"end":{"line":57,"column":82}}],"line":57},"9":{"loc":{"start":{"line":64,"column":6},"end":{"line":66,"column":7}},"type":"if","locations":[{"start":{"line":64,"column":6},"end":{"line":66,"column":7}},{"start":{"line":64,"column":6},"end":{"line":66,"column":7}}],"line":64},"10":{"loc":{"start":{"line":70,"column":4},"end":{"line":79,"column":5}},"type":"if","locations":[{"start":{"line":70,"column":4},"end":{"line":79,"column":5}},{"start":{"line":70,"column":4},"end":{"line":79,"column":5}}],"line":70},"11":{"loc":{"start":{"line":72,"column":8},"end":{"line":77,"column":9}},"type":"if","locations":[{"start":{"line":72,"column":8},"end":{"line":77,"column":9}},{"start":{"line":72,"column":8},"end":{"line":77,"column":9}}],"line":72},"12":{"loc":{"start":{"line":73,"column":10},"end":{"line":74,"column":55}},"type":"binary-expr","locations":[{"start":{"line":73,"column":10},"end":{"line":73,"column":55}},{"start":{"line":74,"column":10},"end":{"line":74,"column":55}}],"line":73},"13":{"loc":{"start":{"line":85,"column":6},"end":{"line":87,"column":7}},"type":"if","locations":[{"start":{"line":85,"column":6},"end":{"line":87,"column":7}},{"start":{"line":85,"column":6},"end":{"line":87,"column":7}}],"line":85},"14":{"loc":{"start":{"line":92,"column":4},"end":{"line":94,"column":5}},"type":"if","locations":[{"start":{"line":92,"column":4},"end":{"line":94,"column":5}},{"start":{"line":92,"column":4},"end":{"line":94,"column":5}}],"line":92},"15":{"loc":{"start":{"line":97,"column":4},"end":{"line":99,"column":5}},"type":"if","locations":[{"start":{"line":97,"column":4},"end":{"line":99,"column":5}},{"start":{"line":97,"column":4},"end":{"line":99,"column":5}}],"line":97},"16":{"loc":{"start":{"line":112,"column":6},"end":{"line":114,"column":7}},"type":"if","locations":[{"start":{"line":112,"column":6},"end":{"line":114,"column":7}},{"start":{"line":112,"column":6},"end":{"line":114,"column":7}}],"line":112},"17":{"loc":{"start":{"line":136,"column":4},"end":{"line":142,"column":5}},"type":"if","locations":[{"start":{"line":136,"column":4},"end":{"line":142,"column":5}},{"start":{"line":136,"column":4},"end":{"line":142,"column":5}}],"line":136},"18":{"loc":{"start":{"line":147,"column":4},"end":{"line":149,"column":5}},"type":"if","locations":[{"start":{"line":147,"column":4},"end":{"line":149,"column":5}},{"start":{"line":147,"column":4},"end":{"line":149,"column":5}}],"line":147},"19":{"loc":{"start":{"line":147,"column":8},"end":{"line":147,"column":54}},"type":"binary-expr","locations":[{"start":{"line":147,"column":8},"end":{"line":147,"column":17}},{"start":{"line":147,"column":21},"end":{"line":147,"column":54}}],"line":147},"20":{"loc":{"start":{"line":150,"column":4},"end":{"line":157,"column":5}},"type":"if","locations":[{"start":{"line":150,"column":4},"end":{"line":157,"column":5}},{"start":{"line":150,"column":4},"end":{"line":157,"column":5}}],"line":150},"21":{"loc":{"start":{"line":151,"column":6},"end":{"line":156,"column":7}},"type":"if","locations":[{"start":{"line":151,"column":6},"end":{"line":156,"column":7}},{"start":{"line":151,"column":6},"end":{"line":156,"column":7}}],"line":151},"22":{"loc":{"start":{"line":152,"column":8},"end":{"line":153,"column":45}},"type":"binary-expr","locations":[{"start":{"line":152,"column":8},"end":{"line":152,"column":45}},{"start":{"line":153,"column":8},"end":{"line":153,"column":45}}],"line":152},"23":{"loc":{"start":{"line":159,"column":2},"end":{"line":163,"column":3}},"type":"if","locations":[{"start":{"line":159,"column":2},"end":{"line":163,"column":3}},{"start":{"line":159,"column":2},"end":{"line":163,"column":3}}],"line":159},"24":{"loc":{"start":{"line":160,"column":4},"end":{"line":162,"column":5}},"type":"if","locations":[{"start":{"line":160,"column":4},"end":{"line":162,"column":5}},{"start":{"line":160,"column":4},"end":{"line":162,"column":5}}],"line":160},"25":{"loc":{"start":{"line":180,"column":4},"end":{"line":183,"column":5}},"type":"if","locations":[{"start":{"line":180,"column":4},"end":{"line":183,"column":5}},{"start":{"line":180,"column":4},"end":{"line":183,"column":5}}],"line":180},"26":{"loc":{"start":{"line":191,"column":4},"end":{"line":194,"column":5}},"type":"if","locations":[{"start":{"line":191,"column":4},"end":{"line":194,"column":5}},{"start":{"line":191,"column":4},"end":{"line":194,"column":5}}],"line":191},"27":{"loc":{"start":{"line":200,"column":2},"end":{"line":202,"column":3}},"type":"if","locations":[{"start":{"line":200,"column":2},"end":{"line":202,"column":3}},{"start":{"line":200,"column":2},"end":{"line":202,"column":3}}],"line":200},"28":{"loc":{"start":{"line":218,"column":6},"end":{"line":220,"column":7}},"type":"if","locations":[{"start":{"line":218,"column":6},"end":{"line":220,"column":7}},{"start":{"line":218,"column":6},"end":{"line":220,"column":7}}],"line":218},"29":{"loc":{"start":{"line":221,"column":6},"end":{"line":223,"column":7}},"type":"if","locations":[{"start":{"line":221,"column":6},"end":{"line":223,"column":7}},{"start":{"line":221,"column":6},"end":{"line":223,"column":7}}],"line":221}},"s":{"0":38,"1":38,"2":38,"3":26,"4":44,"5":44,"6":44,"7":31,"8":31,"9":31,"10":31,"11":2,"12":5,"13":5,"14":43,"15":43,"16":43,"17":43,"18":74,"19":26,"20":74,"21":27,"22":43,"23":5,"24":5,"25":29,"26":40,"27":20,"28":20,"29":9,"30":80,"31":191,"32":80,"33":13,"34":8,"35":8,"36":2,"37":11,"38":148,"39":148,"40":201,"41":52,"42":96,"43":13,"44":13,"45":13,"46":11,"47":9,"48":9,"49":9,"50":9,"51":7,"52":7,"53":7,"54":7,"55":20,"56":4,"57":3,"58":9,"59":9,"60":16,"61":9,"62":9,"63":27,"64":9,"65":42,"66":42,"67":42,"68":42,"69":52,"70":27,"71":27,"72":42,"73":42,"74":52,"75":25,"76":52,"77":29,"78":0,"79":42,"80":25,"81":25,"82":42,"83":3,"84":3,"85":3,"86":1,"87":1,"88":2,"89":2,"90":2,"91":2,"92":0,"93":0,"94":2,"95":2,"96":2,"97":1,"98":2,"99":2,"100":2,"101":1,"102":1,"103":1,"104":2,"105":2,"106":1,"107":1,"108":4,"109":4,"110":12,"111":4,"112":8,"113":8,"114":8,"115":24,"116":8,"117":24,"118":8,"119":8,"120":4,"121":4,"122":4,"123":1},"f":{"0":38,"1":26,"2":44,"3":31,"4":2,"5":5,"6":43,"7":5,"8":29,"9":80,"10":13,"11":148,"12":13,"13":13,"14":9,"15":7,"16":9,"17":42,"18":3,"19":1,"20":2,"21":4},"b":{"0":[4],"1":[4],"2":[31],"3":[26,48],"4":[27,47],"5":[20,20],"6":[40,22],"7":[9,11],"8":[20,16],"9":[80,111],"10":[8,5],"11":[2,6],"12":[8,2],"13":[52,149],"14":[13,0],"15":[11,2],"16":[4,16],"17":[27,25],"18":[25,27],"19":[52,48],"20":[29,23],"21":[0,29],"22":[29,0],"23":[25,17],"24":[25,0],"25":[0,2],"26":[1,1],"27":[1,1],"28":[8,16],"29":[8,16]},"_coverageSchema":"332fd63041d2c1bcb487cc26dd0d5f7d97098a6c","hash":"e1593d119d5f3879a0a0365c460261ee1ab81b49"}
}
