TN:
SF:/Users/arkajit/Graph/lib/index.js
FN:2,(anonymous_0)
FN:9,(anonymous_1)
FN:13,(anonymous_2)
FN:21,(anonymous_3)
FN:27,(anonymous_4)
FN:30,(anonymous_5)
FN:34,(anonymous_6)
FN:48,(anonymous_7)
FN:52,(anonymous_8)
FN:62,(anonymous_9)
FN:69,(anonymous_10)
FN:82,(anonymous_11)
FN:91,(anonymous_12)
FN:96,(anonymous_13)
FN:101,(anonymous_14)
FN:107,(anonymous_15)
FN:118,(anonymous_16)
FN:131,djikstra
FN:167,getProbability
FN:173,proposeGraph
FN:198,monteCarlo
FN:206,copyGraph
FNF:22
FNH:22
FNDA:38,(anonymous_0)
FNDA:26,(anonymous_1)
FNDA:44,(anonymous_2)
FNDA:31,(anonymous_3)
FNDA:2,(anonymous_4)
FNDA:5,(anonymous_5)
FNDA:43,(anonymous_6)
FNDA:5,(anonymous_7)
FNDA:29,(anonymous_8)
FNDA:80,(anonymous_9)
FNDA:13,(anonymous_10)
FNDA:148,(anonymous_11)
FNDA:13,(anonymous_12)
FNDA:13,(anonymous_13)
FNDA:9,(anonymous_14)
FNDA:7,(anonymous_15)
FNDA:9,(anonymous_16)
FNDA:42,djikstra
FNDA:3,getProbability
FNDA:1,proposeGraph
FNDA:2,monteCarlo
FNDA:4,copyGraph
DA:3,38
DA:4,38
DA:5,38
DA:10,26
DA:14,44
DA:15,44
DA:16,44
DA:22,31
DA:23,31
DA:24,31
DA:25,31
DA:28,2
DA:31,5
DA:32,5
DA:35,43
DA:36,43
DA:37,43
DA:38,43
DA:39,74
DA:40,26
DA:42,74
DA:43,27
DA:46,43
DA:49,5
DA:50,5
DA:53,29
DA:54,40
DA:55,20
DA:57,20
DA:58,9
DA:63,80
DA:64,191
DA:65,80
DA:70,13
DA:71,8
DA:72,8
DA:76,2
DA:80,11
DA:83,148
DA:84,148
DA:85,201
DA:86,52
DA:89,96
DA:92,13
DA:93,13
DA:97,13
DA:98,11
DA:102,9
DA:103,9
DA:104,9
DA:105,9
DA:108,7
DA:109,7
DA:110,7
DA:111,7
DA:112,20
DA:113,4
DA:116,3
DA:119,9
DA:120,9
DA:121,16
DA:123,9
DA:124,9
DA:125,27
DA:127,9
DA:132,42
DA:133,42
DA:134,42
DA:135,42
DA:136,52
DA:137,27
DA:138,27
DA:145,42
DA:146,42
DA:147,52
DA:148,25
DA:150,52
DA:151,29
DA:155,0
DA:159,42
DA:160,25
DA:161,25
DA:164,42
DA:168,3
DA:169,3
DA:170,3
DA:174,1
DA:176,1
DA:177,2
DA:178,2
DA:179,2
DA:180,2
DA:181,0
DA:182,0
DA:184,2
DA:185,2
DA:186,2
DA:187,1
DA:189,2
DA:190,2
DA:191,2
DA:192,1
DA:193,1
DA:196,1
DA:199,2
DA:200,2
DA:201,1
DA:203,1
DA:207,4
DA:208,4
DA:209,12
DA:212,4
DA:213,8
DA:214,8
DA:217,8
DA:218,24
DA:219,8
DA:221,24
DA:222,8
DA:225,8
DA:227,4
DA:228,4
DA:229,4
DA:232,1
LF:124
LH:121
BRDA:21,0,0,4
BRDA:21,1,0,4
BRDA:21,2,0,31
BRDA:39,3,0,26
BRDA:39,3,1,48
BRDA:42,4,0,27
BRDA:42,4,1,47
BRDA:54,5,0,20
BRDA:54,5,1,20
BRDA:54,6,0,40
BRDA:54,6,1,22
BRDA:57,7,0,9
BRDA:57,7,1,11
BRDA:57,8,0,20
BRDA:57,8,1,16
BRDA:64,9,0,80
BRDA:64,9,1,111
BRDA:70,10,0,8
BRDA:70,10,1,5
BRDA:72,11,0,2
BRDA:72,11,1,6
BRDA:73,12,0,8
BRDA:73,12,1,2
BRDA:85,13,0,52
BRDA:85,13,1,149
BRDA:92,14,0,13
BRDA:92,14,1,0
BRDA:97,15,0,11
BRDA:97,15,1,2
BRDA:112,16,0,4
BRDA:112,16,1,16
BRDA:136,17,0,27
BRDA:136,17,1,25
BRDA:147,18,0,25
BRDA:147,18,1,27
BRDA:147,19,0,52
BRDA:147,19,1,48
BRDA:150,20,0,29
BRDA:150,20,1,23
BRDA:151,21,0,0
BRDA:151,21,1,29
BRDA:152,22,0,29
BRDA:152,22,1,0
BRDA:159,23,0,25
BRDA:159,23,1,17
BRDA:160,24,0,25
BRDA:160,24,1,0
BRDA:180,25,0,0
BRDA:180,25,1,2
BRDA:191,26,0,1
BRDA:191,26,1,1
BRDA:200,27,0,1
BRDA:200,27,1,1
BRDA:218,28,0,8
BRDA:218,28,1,16
BRDA:221,29,0,8
BRDA:221,29,1,16
BRF:57
BRH:52
end_of_record
