TN:
SF:/Users/arkajit/Graph/lib/index.js
FN:2,(anonymous_0)
FN:9,(anonymous_1)
FN:13,(anonymous_2)
FN:21,(anonymous_3)
FN:27,(anonymous_4)
FN:30,(anonymous_5)
FN:34,(anonymous_6)
FN:48,(anonymous_7)
FN:52,(anonymous_8)
FN:62,(anonymous_9)
FN:69,(anonymous_10)
FN:82,(anonymous_11)
FN:91,(anonymous_12)
FN:96,(anonymous_13)
FN:101,(anonymous_14)
FN:107,(anonymous_15)
FN:118,(anonymous_16)
FN:131,djikstra
FN:167,getProbability
FN:173,proposeGraph
FN:198,monteCarlo
FN:206,copyGraph
FNF:22
FNH:21
FNDA:35,(anonymous_0)
FNDA:23,(anonymous_1)
FNDA:43,(anonymous_2)
FNDA:28,(anonymous_3)
FNDA:2,(anonymous_4)
FNDA:4,(anonymous_5)
FNDA:40,(anonymous_6)
FNDA:4,(anonymous_7)
FNDA:28,(anonymous_8)
FNDA:77,(anonymous_9)
FNDA:10,(anonymous_10)
FNDA:139,(anonymous_11)
FNDA:10,(anonymous_12)
FNDA:10,(anonymous_13)
FNDA:9,(anonymous_14)
FNDA:5,(anonymous_15)
FNDA:9,(anonymous_16)
FNDA:39,djikstra
FNDA:3,getProbability
FNDA:1,proposeGraph
FNDA:0,monteCarlo
FNDA:3,copyGraph
DA:3,35
DA:4,35
DA:5,35
DA:10,23
DA:14,43
DA:15,43
DA:16,43
DA:22,28
DA:23,28
DA:24,28
DA:25,28
DA:28,2
DA:31,4
DA:32,4
DA:35,40
DA:36,40
DA:37,40
DA:38,40
DA:39,71
DA:40,25
DA:42,71
DA:43,26
DA:46,40
DA:49,4
DA:50,4
DA:53,28
DA:54,39
DA:55,17
DA:57,22
DA:58,11
DA:63,77
DA:64,185
DA:65,77
DA:70,10
DA:71,6
DA:72,6
DA:76,1
DA:80,9
DA:83,139
DA:84,139
DA:85,190
DA:86,50
DA:89,89
DA:92,10
DA:93,10
DA:97,10
DA:98,9
DA:102,9
DA:103,9
DA:104,9
DA:105,9
DA:108,5
DA:109,5
DA:110,5
DA:111,5
DA:112,15
DA:113,2
DA:116,3
DA:119,9
DA:120,9
DA:121,16
DA:123,9
DA:124,9
DA:125,27
DA:127,9
DA:132,39
DA:133,39
DA:134,39
DA:135,39
DA:136,50
DA:137,26
DA:138,26
DA:145,39
DA:146,39
DA:147,50
DA:148,24
DA:150,50
DA:151,26
DA:155,0
DA:159,39
DA:160,24
DA:161,24
DA:164,39
DA:168,3
DA:169,3
DA:170,3
DA:174,1
DA:176,1
DA:177,1
DA:178,1
DA:179,1
DA:180,1
DA:181,0
DA:182,0
DA:184,1
DA:185,1
DA:186,1
DA:187,0
DA:189,1
DA:190,1
DA:191,1
DA:192,1
DA:193,1
DA:196,1
DA:199,0
DA:200,0
DA:201,0
DA:203,0
DA:207,3
DA:208,3
DA:209,9
DA:212,3
DA:213,6
DA:214,6
DA:217,6
DA:218,18
DA:219,6
DA:221,18
DA:222,6
DA:225,6
DA:227,3
DA:228,3
DA:229,3
DA:232,1
LF:124
LH:116
BRDA:21,0,0,3
BRDA:21,1,0,3
BRDA:21,2,0,28
BRDA:39,3,0,25
BRDA:39,3,1,46
BRDA:42,4,0,26
BRDA:42,4,1,45
BRDA:54,5,0,17
BRDA:54,5,1,22
BRDA:54,6,0,39
BRDA:54,6,1,19
BRDA:57,7,0,11
BRDA:57,7,1,11
BRDA:57,8,0,22
BRDA:57,8,1,20
BRDA:64,9,0,77
BRDA:64,9,1,108
BRDA:70,10,0,6
BRDA:70,10,1,4
BRDA:72,11,0,1
BRDA:72,11,1,5
BRDA:73,12,0,6
BRDA:73,12,1,1
BRDA:85,13,0,50
BRDA:85,13,1,140
BRDA:92,14,0,10
BRDA:92,14,1,0
BRDA:97,15,0,9
BRDA:97,15,1,1
BRDA:112,16,0,2
BRDA:112,16,1,13
BRDA:136,17,0,26
BRDA:136,17,1,24
BRDA:147,18,0,24
BRDA:147,18,1,26
BRDA:147,19,0,50
BRDA:147,19,1,48
BRDA:150,20,0,26
BRDA:150,20,1,24
BRDA:151,21,0,0
BRDA:151,21,1,26
BRDA:152,22,0,26
BRDA:152,22,1,0
BRDA:159,23,0,24
BRDA:159,23,1,15
BRDA:160,24,0,24
BRDA:160,24,1,0
BRDA:180,25,0,0
BRDA:180,25,1,1
BRDA:191,26,0,1
BRDA:191,26,1,0
BRDA:200,27,0,0
BRDA:200,27,1,0
BRDA:218,28,0,6
BRDA:218,28,1,12
BRDA:221,29,0,6
BRDA:221,29,1,12
BRF:57
BRH:49
end_of_record
